<?xml version="1.0" encoding="UTF-8"?>
<testsuite xmlns:xsi="http://www.w3.org/2001/XMLSchema-instance" xsi:noNamespaceSchemaLocation="https://maven.apache.org/surefire/maven-surefire-plugin/xsd/surefire-test-report.xsd" name="com.capstone.collectify.DiscussionApplicationTests" time="2.469" tests="1" errors="0" skipped="0" failures="0">
  <properties>
    <property name="java.specification.version" value="20"/>
    <property name="sun.jnu.encoding" value="UTF-8"/>
    <property name="java.class.path" value="/Users/keithdoesmedia/Code/GitHub/collectify-backend/target/test-classes:/Users/keithdoesmedia/Code/GitHub/collectify-backend/target/classes:/Users/keithdoesmedia/.m2/repository/org/springframework/boot/spring-boot-starter-web/2.7.9/spring-boot-starter-web-2.7.9.jar:/Users/keithdoesmedia/.m2/repository/org/springframework/boot/spring-boot-starter/2.7.9/spring-boot-starter-2.7.9.jar:/Users/keithdoesmedia/.m2/repository/org/springframework/boot/spring-boot/2.7.9/spring-boot-2.7.9.jar:/Users/keithdoesmedia/.m2/repository/org/springframework/boot/spring-boot-autoconfigure/2.7.9/spring-boot-autoconfigure-2.7.9.jar:/Users/keithdoesmedia/.m2/repository/org/springframework/boot/spring-boot-starter-logging/2.7.9/spring-boot-starter-logging-2.7.9.jar:/Users/keithdoesmedia/.m2/repository/ch/qos/logback/logback-classic/1.2.11/logback-classic-1.2.11.jar:/Users/keithdoesmedia/.m2/repository/ch/qos/logback/logback-core/1.2.11/logback-core-1.2.11.jar:/Users/keithdoesmedia/.m2/repository/org/apache/logging/log4j/log4j-to-slf4j/2.17.2/log4j-to-slf4j-2.17.2.jar:/Users/keithdoesmedia/.m2/repository/org/apache/logging/log4j/log4j-api/2.17.2/log4j-api-2.17.2.jar:/Users/keithdoesmedia/.m2/repository/org/slf4j/jul-to-slf4j/1.7.36/jul-to-slf4j-1.7.36.jar:/Users/keithdoesmedia/.m2/repository/org/yaml/snakeyaml/1.30/snakeyaml-1.30.jar:/Users/keithdoesmedia/.m2/repository/org/springframework/boot/spring-boot-starter-json/2.7.9/spring-boot-starter-json-2.7.9.jar:/Users/keithdoesmedia/.m2/repository/com/fasterxml/jackson/core/jackson-databind/2.13.5/jackson-databind-2.13.5.jar:/Users/keithdoesmedia/.m2/repository/com/fasterxml/jackson/core/jackson-annotations/2.13.5/jackson-annotations-2.13.5.jar:/Users/keithdoesmedia/.m2/repository/com/fasterxml/jackson/core/jackson-core/2.13.5/jackson-core-2.13.5.jar:/Users/keithdoesmedia/.m2/repository/com/fasterxml/jackson/datatype/jackson-datatype-jdk8/2.13.5/jackson-datatype-jdk8-2.13.5.jar:/Users/keithdoesmedia/.m2/repository/com/fasterxml/jackson/datatype/jackson-datatype-jsr310/2.13.5/jackson-datatype-jsr310-2.13.5.jar:/Users/keithdoesmedia/.m2/repository/com/fasterxml/jackson/module/jackson-module-parameter-names/2.13.5/jackson-module-parameter-names-2.13.5.jar:/Users/keithdoesmedia/.m2/repository/org/springframework/spring-web/5.3.25/spring-web-5.3.25.jar:/Users/keithdoesmedia/.m2/repository/org/springframework/spring-webmvc/5.3.25/spring-webmvc-5.3.25.jar:/Users/keithdoesmedia/.m2/repository/org/springframework/boot/spring-boot-starter-tomcat/2.7.9/spring-boot-starter-tomcat-2.7.9.jar:/Users/keithdoesmedia/.m2/repository/jakarta/annotation/jakarta.annotation-api/1.3.5/jakarta.annotation-api-1.3.5.jar:/Users/keithdoesmedia/.m2/repository/org/apache/tomcat/embed/tomcat-embed-core/9.0.71/tomcat-embed-core-9.0.71.jar:/Users/keithdoesmedia/.m2/repository/org/apache/tomcat/embed/tomcat-embed-el/9.0.71/tomcat-embed-el-9.0.71.jar:/Users/keithdoesmedia/.m2/repository/org/apache/tomcat/embed/tomcat-embed-websocket/9.0.71/tomcat-embed-websocket-9.0.71.jar:/Users/keithdoesmedia/.m2/repository/org/springframework/boot/spring-boot-starter-test/2.7.9/spring-boot-starter-test-2.7.9.jar:/Users/keithdoesmedia/.m2/repository/org/springframework/boot/spring-boot-test/2.7.9/spring-boot-test-2.7.9.jar:/Users/keithdoesmedia/.m2/repository/org/springframework/boot/spring-boot-test-autoconfigure/2.7.9/spring-boot-test-autoconfigure-2.7.9.jar:/Users/keithdoesmedia/.m2/repository/com/jayway/jsonpath/json-path/2.7.0/json-path-2.7.0.jar:/Users/keithdoesmedia/.m2/repository/net/minidev/json-smart/2.4.8/json-smart-2.4.8.jar:/Users/keithdoesmedia/.m2/repository/net/minidev/accessors-smart/2.4.8/accessors-smart-2.4.8.jar:/Users/keithdoesmedia/.m2/repository/org/slf4j/slf4j-api/1.7.36/slf4j-api-1.7.36.jar:/Users/keithdoesmedia/.m2/repository/jakarta/xml/bind/jakarta.xml.bind-api/2.3.3/jakarta.xml.bind-api-2.3.3.jar:/Users/keithdoesmedia/.m2/repository/jakarta/activation/jakarta.activation-api/1.2.2/jakarta.activation-api-1.2.2.jar:/Users/keithdoesmedia/.m2/repository/org/assertj/assertj-core/3.22.0/assertj-core-3.22.0.jar:/Users/keithdoesmedia/.m2/repository/org/hamcrest/hamcrest/2.2/hamcrest-2.2.jar:/Users/keithdoesmedia/.m2/repository/org/junit/jupiter/junit-jupiter/5.8.2/junit-jupiter-5.8.2.jar:/Users/keithdoesmedia/.m2/repository/org/junit/jupiter/junit-jupiter-api/5.8.2/junit-jupiter-api-5.8.2.jar:/Users/keithdoesmedia/.m2/repository/org/opentest4j/opentest4j/1.2.0/opentest4j-1.2.0.jar:/Users/keithdoesmedia/.m2/repository/org/junit/platform/junit-platform-commons/1.8.2/junit-platform-commons-1.8.2.jar:/Users/keithdoesmedia/.m2/repository/org/apiguardian/apiguardian-api/1.1.2/apiguardian-api-1.1.2.jar:/Users/keithdoesmedia/.m2/repository/org/junit/jupiter/junit-jupiter-params/5.8.2/junit-jupiter-params-5.8.2.jar:/Users/keithdoesmedia/.m2/repository/org/junit/jupiter/junit-jupiter-engine/5.8.2/junit-jupiter-engine-5.8.2.jar:/Users/keithdoesmedia/.m2/repository/org/junit/platform/junit-platform-engine/1.8.2/junit-platform-engine-1.8.2.jar:/Users/keithdoesmedia/.m2/repository/org/mockito/mockito-core/4.5.1/mockito-core-4.5.1.jar:/Users/keithdoesmedia/.m2/repository/net/bytebuddy/byte-buddy-agent/1.12.23/byte-buddy-agent-1.12.23.jar:/Users/keithdoesmedia/.m2/repository/org/objenesis/objenesis/3.2/objenesis-3.2.jar:/Users/keithdoesmedia/.m2/repository/org/mockito/mockito-junit-jupiter/4.5.1/mockito-junit-jupiter-4.5.1.jar:/Users/keithdoesmedia/.m2/repository/org/skyscreamer/jsonassert/1.5.1/jsonassert-1.5.1.jar:/Users/keithdoesmedia/.m2/repository/com/vaadin/external/google/android-json/0.0.20131108.vaadin1/android-json-0.0.20131108.vaadin1.jar:/Users/keithdoesmedia/.m2/repository/org/springframework/spring-core/5.3.25/spring-core-5.3.25.jar:/Users/keithdoesmedia/.m2/repository/org/springframework/spring-jcl/5.3.25/spring-jcl-5.3.25.jar:/Users/keithdoesmedia/.m2/repository/org/springframework/spring-test/5.3.25/spring-test-5.3.25.jar:/Users/keithdoesmedia/.m2/repository/org/xmlunit/xmlunit-core/2.9.1/xmlunit-core-2.9.1.jar:/Users/keithdoesmedia/.m2/repository/org/springframework/boot/spring-boot-starter-data-jpa/2.7.9/spring-boot-starter-data-jpa-2.7.9.jar:/Users/keithdoesmedia/.m2/repository/org/springframework/boot/spring-boot-starter-aop/2.7.9/spring-boot-starter-aop-2.7.9.jar:/Users/keithdoesmedia/.m2/repository/org/aspectj/aspectjweaver/1.9.7/aspectjweaver-1.9.7.jar:/Users/keithdoesmedia/.m2/repository/org/springframework/boot/spring-boot-starter-jdbc/2.7.9/spring-boot-starter-jdbc-2.7.9.jar:/Users/keithdoesmedia/.m2/repository/com/zaxxer/HikariCP/4.0.3/HikariCP-4.0.3.jar:/Users/keithdoesmedia/.m2/repository/org/springframework/spring-jdbc/5.3.25/spring-jdbc-5.3.25.jar:/Users/keithdoesmedia/.m2/repository/jakarta/transaction/jakarta.transaction-api/1.3.3/jakarta.transaction-api-1.3.3.jar:/Users/keithdoesmedia/.m2/repository/jakarta/persistence/jakarta.persistence-api/2.2.3/jakarta.persistence-api-2.2.3.jar:/Users/keithdoesmedia/.m2/repository/org/springframework/data/spring-data-jpa/2.7.8/spring-data-jpa-2.7.8.jar:/Users/keithdoesmedia/.m2/repository/org/springframework/data/spring-data-commons/2.7.8/spring-data-commons-2.7.8.jar:/Users/keithdoesmedia/.m2/repository/org/springframework/spring-orm/5.3.25/spring-orm-5.3.25.jar:/Users/keithdoesmedia/.m2/repository/org/springframework/spring-tx/5.3.25/spring-tx-5.3.25.jar:/Users/keithdoesmedia/.m2/repository/org/springframework/spring-aspects/5.3.25/spring-aspects-5.3.25.jar:/Users/keithdoesmedia/.m2/repository/mysql/mysql-connector-java/8.0.28/mysql-connector-java-8.0.28.jar:/Users/keithdoesmedia/.m2/repository/com/google/protobuf/protobuf-java/3.11.4/protobuf-java-3.11.4.jar:/Users/keithdoesmedia/.m2/repository/org/apache/velocity/velocity/1.5/velocity-1.5.jar:/Users/keithdoesmedia/.m2/repository/commons-collections/commons-collections/3.1/commons-collections-3.1.jar:/Users/keithdoesmedia/.m2/repository/commons-lang/commons-lang/2.1/commons-lang-2.1.jar:/Users/keithdoesmedia/.m2/repository/oro/oro/2.0.8/oro-2.0.8.jar:/Users/keithdoesmedia/.m2/repository/org/hibernate/hibernate-core/5.6.15.Final/hibernate-core-5.6.15.Final.jar:/Users/keithdoesmedia/.m2/repository/org/jboss/logging/jboss-logging/3.4.3.Final/jboss-logging-3.4.3.Final.jar:/Users/keithdoesmedia/.m2/repository/javax/persistence/javax.persistence-api/2.2/javax.persistence-api-2.2.jar:/Users/keithdoesmedia/.m2/repository/net/bytebuddy/byte-buddy/1.12.23/byte-buddy-1.12.23.jar:/Users/keithdoesmedia/.m2/repository/antlr/antlr/2.7.7/antlr-2.7.7.jar:/Users/keithdoesmedia/.m2/repository/org/jboss/spec/javax/transaction/jboss-transaction-api_1.2_spec/1.1.1.Final/jboss-transaction-api_1.2_spec-1.1.1.Final.jar:/Users/keithdoesmedia/.m2/repository/org/jboss/jandex/2.4.2.Final/jandex-2.4.2.Final.jar:/Users/keithdoesmedia/.m2/repository/com/fasterxml/classmate/1.5.1/classmate-1.5.1.jar:/Users/keithdoesmedia/.m2/repository/javax/activation/javax.activation-api/1.2.0/javax.activation-api-1.2.0.jar:/Users/keithdoesmedia/.m2/repository/org/hibernate/common/hibernate-commons-annotations/5.1.2.Final/hibernate-commons-annotations-5.1.2.Final.jar:/Users/keithdoesmedia/.m2/repository/javax/xml/bind/jaxb-api/2.3.1/jaxb-api-2.3.1.jar:/Users/keithdoesmedia/.m2/repository/org/glassfish/jaxb/jaxb-runtime/2.3.8/jaxb-runtime-2.3.8.jar:/Users/keithdoesmedia/.m2/repository/org/glassfish/jaxb/txw2/2.3.8/txw2-2.3.8.jar:/Users/keithdoesmedia/.m2/repository/com/sun/istack/istack-commons-runtime/3.0.12/istack-commons-runtime-3.0.12.jar:/Users/keithdoesmedia/.m2/repository/com/sun/activation/jakarta.activation/1.2.2/jakarta.activation-1.2.2.jar:/Users/keithdoesmedia/.m2/repository/com/google/cloud/sql/mysql-socket-factory-connector-j-8/1.2.3/mysql-socket-factory-connector-j-8-1.2.3.jar:/Users/keithdoesmedia/.m2/repository/com/google/cloud/sql/jdbc-socket-factory-core/1.2.3/jdbc-socket-factory-core-1.2.3.jar:/Users/keithdoesmedia/.m2/repository/com/google/http-client/google-http-client/1.39.2/google-http-client-1.39.2.jar:/Users/keithdoesmedia/.m2/repository/org/apache/httpcomponents/httpclient/4.5.14/httpclient-4.5.14.jar:/Users/keithdoesmedia/.m2/repository/commons-codec/commons-codec/1.15/commons-codec-1.15.jar:/Users/keithdoesmedia/.m2/repository/org/apache/httpcomponents/httpcore/4.4.16/httpcore-4.4.16.jar:/Users/keithdoesmedia/.m2/repository/com/google/code/findbugs/jsr305/3.0.2/jsr305-3.0.2.jar:/Users/keithdoesmedia/.m2/repository/com/google/j2objc/j2objc-annotations/1.3/j2objc-annotations-1.3.jar:/Users/keithdoesmedia/.m2/repository/io/opencensus/opencensus-api/0.28.0/opencensus-api-0.28.0.jar:/Users/keithdoesmedia/.m2/repository/io/grpc/grpc-context/1.27.2/grpc-context-1.27.2.jar:/Users/keithdoesmedia/.m2/repository/io/opencensus/opencensus-contrib-http-util/0.28.0/opencensus-contrib-http-util-0.28.0.jar:/Users/keithdoesmedia/.m2/repository/com/google/guava/guava/30.1.1-android/guava-30.1.1-android.jar:/Users/keithdoesmedia/.m2/repository/com/google/guava/failureaccess/1.0.1/failureaccess-1.0.1.jar:/Users/keithdoesmedia/.m2/repository/com/google/guava/listenablefuture/9999.0-empty-to-avoid-conflict-with-guava/listenablefuture-9999.0-empty-to-avoid-conflict-with-guava.jar:/Users/keithdoesmedia/.m2/repository/com/google/errorprone/error_prone_annotations/2.5.1/error_prone_annotations-2.5.1.jar:/Users/keithdoesmedia/.m2/repository/com/google/http-client/google-http-client-jackson2/1.39.2/google-http-client-jackson2-1.39.2.jar:/Users/keithdoesmedia/.m2/repository/com/google/api-client/google-api-client/1.31.4/google-api-client-1.31.4.jar:/Users/keithdoesmedia/.m2/repository/com/google/oauth-client/google-oauth-client/1.31.5/google-oauth-client-1.31.5.jar:/Users/keithdoesmedia/.m2/repository/com/google/http-client/google-http-client-gson/1.39.2/google-http-client-gson-1.39.2.jar:/Users/keithdoesmedia/.m2/repository/com/google/code/gson/gson/2.9.1/gson-2.9.1.jar:/Users/keithdoesmedia/.m2/repository/com/google/http-client/google-http-client-apache-v2/1.39.2/google-http-client-apache-v2-1.39.2.jar:/Users/keithdoesmedia/.m2/repository/org/checkerframework/checker-compat-qual/2.5.5/checker-compat-qual-2.5.5.jar:/Users/keithdoesmedia/.m2/repository/com/google/apis/google-api-services-sqladmin/v1beta4-rev20210420-1.31.0/google-api-services-sqladmin-v1beta4-rev20210420-1.31.0.jar:/Users/keithdoesmedia/.m2/repository/com/google/auth/google-auth-library-oauth2-http/0.25.5/google-auth-library-oauth2-http-0.25.5.jar:/Users/keithdoesmedia/.m2/repository/com/google/auto/value/auto-value-annotations/1.8.1/auto-value-annotations-1.8.1.jar:/Users/keithdoesmedia/.m2/repository/com/google/auth/google-auth-library-credentials/0.25.5/google-auth-library-credentials-0.25.5.jar:/Users/keithdoesmedia/.m2/repository/com/github/jnr/jnr-unixsocket/0.38.6/jnr-unixsocket-0.38.6.jar:/Users/keithdoesmedia/.m2/repository/com/github/jnr/jnr-ffi/2.2.2/jnr-ffi-2.2.2.jar:/Users/keithdoesmedia/.m2/repository/com/github/jnr/jffi/1.3.1/jffi-1.3.1.jar:/Users/keithdoesmedia/.m2/repository/com/github/jnr/jffi/1.3.1/jffi-1.3.1-native.jar:/Users/keithdoesmedia/.m2/repository/org/ow2/asm/asm-commons/9.1/asm-commons-9.1.jar:/Users/keithdoesmedia/.m2/repository/com/github/jnr/jnr-a64asm/1.0.0/jnr-a64asm-1.0.0.jar:/Users/keithdoesmedia/.m2/repository/com/github/jnr/jnr-x86asm/1.0.2/jnr-x86asm-1.0.2.jar:/Users/keithdoesmedia/.m2/repository/com/github/jnr/jnr-constants/0.10.1/jnr-constants-0.10.1.jar:/Users/keithdoesmedia/.m2/repository/com/github/jnr/jnr-enxio/0.32.4/jnr-enxio-0.32.4.jar:/Users/keithdoesmedia/.m2/repository/com/github/jnr/jnr-posix/3.1.5/jnr-posix-3.1.5.jar:/Users/keithdoesmedia/.m2/repository/org/ow2/asm/asm-util/9.1/asm-util-9.1.jar:/Users/keithdoesmedia/.m2/repository/org/ow2/asm/asm/9.1/asm-9.1.jar:/Users/keithdoesmedia/.m2/repository/org/ow2/asm/asm-tree/9.1/asm-tree-9.1.jar:/Users/keithdoesmedia/.m2/repository/org/ow2/asm/asm-analysis/9.1/asm-analysis-9.1.jar:/Users/keithdoesmedia/.m2/repository/org/springframework/security/spring-security-core/5.2.0.RELEASE/spring-security-core-5.2.0.RELEASE.jar:/Users/keithdoesmedia/.m2/repository/org/springframework/spring-aop/5.3.25/spring-aop-5.3.25.jar:/Users/keithdoesmedia/.m2/repository/org/springframework/spring-beans/5.3.25/spring-beans-5.3.25.jar:/Users/keithdoesmedia/.m2/repository/org/springframework/spring-context/5.3.25/spring-context-5.3.25.jar:/Users/keithdoesmedia/.m2/repository/org/springframework/spring-expression/5.3.25/spring-expression-5.3.25.jar:"/>
    <property name="java.vm.vendor" value="Oracle Corporation"/>
    <property name="sun.arch.data.model" value="64"/>
    <property name="java.vendor.url" value="https://java.oracle.com/"/>
    <property name="os.name" value="Mac OS X"/>
    <property name="java.vm.specification.version" value="20"/>
    <property name="sun.java.launcher" value="SUN_STANDARD"/>
    <property name="user.country" value="PH"/>
    <property name="sun.boot.library.path" value="/Library/Java/JavaVirtualMachines/jdk-20.jdk/Contents/Home/lib"/>
    <property name="sun.java.command" value="/Users/keithdoesmedia/Code/GitHub/collectify-backend/target/surefire/surefirebooter3006355098367868321.jar /Users/keithdoesmedia/Code/GitHub/collectify-backend/target/surefire 2024-01-16T12-25-14_079-jvmRun1 surefire6390283622679857224tmp surefire_010204997720906367383tmp"/>
    <property name="http.nonProxyHosts" value="local|*.local|169.254/16|*.169.254/16"/>
    <property name="jdk.debug" value="release"/>
    <property name="surefire.test.class.path" value="/Users/keithdoesmedia/Code/GitHub/collectify-backend/target/test-classes:/Users/keithdoesmedia/Code/GitHub/collectify-backend/target/classes:/Users/keithdoesmedia/.m2/repository/org/springframework/boot/spring-boot-starter-web/2.7.9/spring-boot-starter-web-2.7.9.jar:/Users/keithdoesmedia/.m2/repository/org/springframework/boot/spring-boot-starter/2.7.9/spring-boot-starter-2.7.9.jar:/Users/keithdoesmedia/.m2/repository/org/springframework/boot/spring-boot/2.7.9/spring-boot-2.7.9.jar:/Users/keithdoesmedia/.m2/repository/org/springframework/boot/spring-boot-autoconfigure/2.7.9/spring-boot-autoconfigure-2.7.9.jar:/Users/keithdoesmedia/.m2/repository/org/springframework/boot/spring-boot-starter-logging/2.7.9/spring-boot-starter-logging-2.7.9.jar:/Users/keithdoesmedia/.m2/repository/ch/qos/logback/logback-classic/1.2.11/logback-classic-1.2.11.jar:/Users/keithdoesmedia/.m2/repository/ch/qos/logback/logback-core/1.2.11/logback-core-1.2.11.jar:/Users/keithdoesmedia/.m2/repository/org/apache/logging/log4j/log4j-to-slf4j/2.17.2/log4j-to-slf4j-2.17.2.jar:/Users/keithdoesmedia/.m2/repository/org/apache/logging/log4j/log4j-api/2.17.2/log4j-api-2.17.2.jar:/Users/keithdoesmedia/.m2/repository/org/slf4j/jul-to-slf4j/1.7.36/jul-to-slf4j-1.7.36.jar:/Users/keithdoesmedia/.m2/repository/org/yaml/snakeyaml/1.30/snakeyaml-1.30.jar:/Users/keithdoesmedia/.m2/repository/org/springframework/boot/spring-boot-starter-json/2.7.9/spring-boot-starter-json-2.7.9.jar:/Users/keithdoesmedia/.m2/repository/com/fasterxml/jackson/core/jackson-databind/2.13.5/jackson-databind-2.13.5.jar:/Users/keithdoesmedia/.m2/repository/com/fasterxml/jackson/core/jackson-annotations/2.13.5/jackson-annotations-2.13.5.jar:/Users/keithdoesmedia/.m2/repository/com/fasterxml/jackson/core/jackson-core/2.13.5/jackson-core-2.13.5.jar:/Users/keithdoesmedia/.m2/repository/com/fasterxml/jackson/datatype/jackson-datatype-jdk8/2.13.5/jackson-datatype-jdk8-2.13.5.jar:/Users/keithdoesmedia/.m2/repository/com/fasterxml/jackson/datatype/jackson-datatype-jsr310/2.13.5/jackson-datatype-jsr310-2.13.5.jar:/Users/keithdoesmedia/.m2/repository/com/fasterxml/jackson/module/jackson-module-parameter-names/2.13.5/jackson-module-parameter-names-2.13.5.jar:/Users/keithdoesmedia/.m2/repository/org/springframework/spring-web/5.3.25/spring-web-5.3.25.jar:/Users/keithdoesmedia/.m2/repository/org/springframework/spring-webmvc/5.3.25/spring-webmvc-5.3.25.jar:/Users/keithdoesmedia/.m2/repository/org/springframework/boot/spring-boot-starter-tomcat/2.7.9/spring-boot-starter-tomcat-2.7.9.jar:/Users/keithdoesmedia/.m2/repository/jakarta/annotation/jakarta.annotation-api/1.3.5/jakarta.annotation-api-1.3.5.jar:/Users/keithdoesmedia/.m2/repository/org/apache/tomcat/embed/tomcat-embed-core/9.0.71/tomcat-embed-core-9.0.71.jar:/Users/keithdoesmedia/.m2/repository/org/apache/tomcat/embed/tomcat-embed-el/9.0.71/tomcat-embed-el-9.0.71.jar:/Users/keithdoesmedia/.m2/repository/org/apache/tomcat/embed/tomcat-embed-websocket/9.0.71/tomcat-embed-websocket-9.0.71.jar:/Users/keithdoesmedia/.m2/repository/org/springframework/boot/spring-boot-starter-test/2.7.9/spring-boot-starter-test-2.7.9.jar:/Users/keithdoesmedia/.m2/repository/org/springframework/boot/spring-boot-test/2.7.9/spring-boot-test-2.7.9.jar:/Users/keithdoesmedia/.m2/repository/org/springframework/boot/spring-boot-test-autoconfigure/2.7.9/spring-boot-test-autoconfigure-2.7.9.jar:/Users/keithdoesmedia/.m2/repository/com/jayway/jsonpath/json-path/2.7.0/json-path-2.7.0.jar:/Users/keithdoesmedia/.m2/repository/net/minidev/json-smart/2.4.8/json-smart-2.4.8.jar:/Users/keithdoesmedia/.m2/repository/net/minidev/accessors-smart/2.4.8/accessors-smart-2.4.8.jar:/Users/keithdoesmedia/.m2/repository/org/slf4j/slf4j-api/1.7.36/slf4j-api-1.7.36.jar:/Users/keithdoesmedia/.m2/repository/jakarta/xml/bind/jakarta.xml.bind-api/2.3.3/jakarta.xml.bind-api-2.3.3.jar:/Users/keithdoesmedia/.m2/repository/jakarta/activation/jakarta.activation-api/1.2.2/jakarta.activation-api-1.2.2.jar:/Users/keithdoesmedia/.m2/repository/org/assertj/assertj-core/3.22.0/assertj-core-3.22.0.jar:/Users/keithdoesmedia/.m2/repository/org/hamcrest/hamcrest/2.2/hamcrest-2.2.jar:/Users/keithdoesmedia/.m2/repository/org/junit/jupiter/junit-jupiter/5.8.2/junit-jupiter-5.8.2.jar:/Users/keithdoesmedia/.m2/repository/org/junit/jupiter/junit-jupiter-api/5.8.2/junit-jupiter-api-5.8.2.jar:/Users/keithdoesmedia/.m2/repository/org/opentest4j/opentest4j/1.2.0/opentest4j-1.2.0.jar:/Users/keithdoesmedia/.m2/repository/org/junit/platform/junit-platform-commons/1.8.2/junit-platform-commons-1.8.2.jar:/Users/keithdoesmedia/.m2/repository/org/apiguardian/apiguardian-api/1.1.2/apiguardian-api-1.1.2.jar:/Users/keithdoesmedia/.m2/repository/org/junit/jupiter/junit-jupiter-params/5.8.2/junit-jupiter-params-5.8.2.jar:/Users/keithdoesmedia/.m2/repository/org/junit/jupiter/junit-jupiter-engine/5.8.2/junit-jupiter-engine-5.8.2.jar:/Users/keithdoesmedia/.m2/repository/org/junit/platform/junit-platform-engine/1.8.2/junit-platform-engine-1.8.2.jar:/Users/keithdoesmedia/.m2/repository/org/mockito/mockito-core/4.5.1/mockito-core-4.5.1.jar:/Users/keithdoesmedia/.m2/repository/net/bytebuddy/byte-buddy-agent/1.12.23/byte-buddy-agent-1.12.23.jar:/Users/keithdoesmedia/.m2/repository/org/objenesis/objenesis/3.2/objenesis-3.2.jar:/Users/keithdoesmedia/.m2/repository/org/mockito/mockito-junit-jupiter/4.5.1/mockito-junit-jupiter-4.5.1.jar:/Users/keithdoesmedia/.m2/repository/org/skyscreamer/jsonassert/1.5.1/jsonassert-1.5.1.jar:/Users/keithdoesmedia/.m2/repository/com/vaadin/external/google/android-json/0.0.20131108.vaadin1/android-json-0.0.20131108.vaadin1.jar:/Users/keithdoesmedia/.m2/repository/org/springframework/spring-core/5.3.25/spring-core-5.3.25.jar:/Users/keithdoesmedia/.m2/repository/org/springframework/spring-jcl/5.3.25/spring-jcl-5.3.25.jar:/Users/keithdoesmedia/.m2/repository/org/springframework/spring-test/5.3.25/spring-test-5.3.25.jar:/Users/keithdoesmedia/.m2/repository/org/xmlunit/xmlunit-core/2.9.1/xmlunit-core-2.9.1.jar:/Users/keithdoesmedia/.m2/repository/org/springframework/boot/spring-boot-starter-data-jpa/2.7.9/spring-boot-starter-data-jpa-2.7.9.jar:/Users/keithdoesmedia/.m2/repository/org/springframework/boot/spring-boot-starter-aop/2.7.9/spring-boot-starter-aop-2.7.9.jar:/Users/keithdoesmedia/.m2/repository/org/aspectj/aspectjweaver/1.9.7/aspectjweaver-1.9.7.jar:/Users/keithdoesmedia/.m2/repository/org/springframework/boot/spring-boot-starter-jdbc/2.7.9/spring-boot-starter-jdbc-2.7.9.jar:/Users/keithdoesmedia/.m2/repository/com/zaxxer/HikariCP/4.0.3/HikariCP-4.0.3.jar:/Users/keithdoesmedia/.m2/repository/org/springframework/spring-jdbc/5.3.25/spring-jdbc-5.3.25.jar:/Users/keithdoesmedia/.m2/repository/jakarta/transaction/jakarta.transaction-api/1.3.3/jakarta.transaction-api-1.3.3.jar:/Users/keithdoesmedia/.m2/repository/jakarta/persistence/jakarta.persistence-api/2.2.3/jakarta.persistence-api-2.2.3.jar:/Users/keithdoesmedia/.m2/repository/org/springframework/data/spring-data-jpa/2.7.8/spring-data-jpa-2.7.8.jar:/Users/keithdoesmedia/.m2/repository/org/springframework/data/spring-data-commons/2.7.8/spring-data-commons-2.7.8.jar:/Users/keithdoesmedia/.m2/repository/org/springframework/spring-orm/5.3.25/spring-orm-5.3.25.jar:/Users/keithdoesmedia/.m2/repository/org/springframework/spring-tx/5.3.25/spring-tx-5.3.25.jar:/Users/keithdoesmedia/.m2/repository/org/springframework/spring-aspects/5.3.25/spring-aspects-5.3.25.jar:/Users/keithdoesmedia/.m2/repository/mysql/mysql-connector-java/8.0.28/mysql-connector-java-8.0.28.jar:/Users/keithdoesmedia/.m2/repository/com/google/protobuf/protobuf-java/3.11.4/protobuf-java-3.11.4.jar:/Users/keithdoesmedia/.m2/repository/org/apache/velocity/velocity/1.5/velocity-1.5.jar:/Users/keithdoesmedia/.m2/repository/commons-collections/commons-collections/3.1/commons-collections-3.1.jar:/Users/keithdoesmedia/.m2/repository/commons-lang/commons-lang/2.1/commons-lang-2.1.jar:/Users/keithdoesmedia/.m2/repository/oro/oro/2.0.8/oro-2.0.8.jar:/Users/keithdoesmedia/.m2/repository/org/hibernate/hibernate-core/5.6.15.Final/hibernate-core-5.6.15.Final.jar:/Users/keithdoesmedia/.m2/repository/org/jboss/logging/jboss-logging/3.4.3.Final/jboss-logging-3.4.3.Final.jar:/Users/keithdoesmedia/.m2/repository/javax/persistence/javax.persistence-api/2.2/javax.persistence-api-2.2.jar:/Users/keithdoesmedia/.m2/repository/net/bytebuddy/byte-buddy/1.12.23/byte-buddy-1.12.23.jar:/Users/keithdoesmedia/.m2/repository/antlr/antlr/2.7.7/antlr-2.7.7.jar:/Users/keithdoesmedia/.m2/repository/org/jboss/spec/javax/transaction/jboss-transaction-api_1.2_spec/1.1.1.Final/jboss-transaction-api_1.2_spec-1.1.1.Final.jar:/Users/keithdoesmedia/.m2/repository/org/jboss/jandex/2.4.2.Final/jandex-2.4.2.Final.jar:/Users/keithdoesmedia/.m2/repository/com/fasterxml/classmate/1.5.1/classmate-1.5.1.jar:/Users/keithdoesmedia/.m2/repository/javax/activation/javax.activation-api/1.2.0/javax.activation-api-1.2.0.jar:/Users/keithdoesmedia/.m2/repository/org/hibernate/common/hibernate-commons-annotations/5.1.2.Final/hibernate-commons-annotations-5.1.2.Final.jar:/Users/keithdoesmedia/.m2/repository/javax/xml/bind/jaxb-api/2.3.1/jaxb-api-2.3.1.jar:/Users/keithdoesmedia/.m2/repository/org/glassfish/jaxb/jaxb-runtime/2.3.8/jaxb-runtime-2.3.8.jar:/Users/keithdoesmedia/.m2/repository/org/glassfish/jaxb/txw2/2.3.8/txw2-2.3.8.jar:/Users/keithdoesmedia/.m2/repository/com/sun/istack/istack-commons-runtime/3.0.12/istack-commons-runtime-3.0.12.jar:/Users/keithdoesmedia/.m2/repository/com/sun/activation/jakarta.activation/1.2.2/jakarta.activation-1.2.2.jar:/Users/keithdoesmedia/.m2/repository/com/google/cloud/sql/mysql-socket-factory-connector-j-8/1.2.3/mysql-socket-factory-connector-j-8-1.2.3.jar:/Users/keithdoesmedia/.m2/repository/com/google/cloud/sql/jdbc-socket-factory-core/1.2.3/jdbc-socket-factory-core-1.2.3.jar:/Users/keithdoesmedia/.m2/repository/com/google/http-client/google-http-client/1.39.2/google-http-client-1.39.2.jar:/Users/keithdoesmedia/.m2/repository/org/apache/httpcomponents/httpclient/4.5.14/httpclient-4.5.14.jar:/Users/keithdoesmedia/.m2/repository/commons-codec/commons-codec/1.15/commons-codec-1.15.jar:/Users/keithdoesmedia/.m2/repository/org/apache/httpcomponents/httpcore/4.4.16/httpcore-4.4.16.jar:/Users/keithdoesmedia/.m2/repository/com/google/code/findbugs/jsr305/3.0.2/jsr305-3.0.2.jar:/Users/keithdoesmedia/.m2/repository/com/google/j2objc/j2objc-annotations/1.3/j2objc-annotations-1.3.jar:/Users/keithdoesmedia/.m2/repository/io/opencensus/opencensus-api/0.28.0/opencensus-api-0.28.0.jar:/Users/keithdoesmedia/.m2/repository/io/grpc/grpc-context/1.27.2/grpc-context-1.27.2.jar:/Users/keithdoesmedia/.m2/repository/io/opencensus/opencensus-contrib-http-util/0.28.0/opencensus-contrib-http-util-0.28.0.jar:/Users/keithdoesmedia/.m2/repository/com/google/guava/guava/30.1.1-android/guava-30.1.1-android.jar:/Users/keithdoesmedia/.m2/repository/com/google/guava/failureaccess/1.0.1/failureaccess-1.0.1.jar:/Users/keithdoesmedia/.m2/repository/com/google/guava/listenablefuture/9999.0-empty-to-avoid-conflict-with-guava/listenablefuture-9999.0-empty-to-avoid-conflict-with-guava.jar:/Users/keithdoesmedia/.m2/repository/com/google/errorprone/error_prone_annotations/2.5.1/error_prone_annotations-2.5.1.jar:/Users/keithdoesmedia/.m2/repository/com/google/http-client/google-http-client-jackson2/1.39.2/google-http-client-jackson2-1.39.2.jar:/Users/keithdoesmedia/.m2/repository/com/google/api-client/google-api-client/1.31.4/google-api-client-1.31.4.jar:/Users/keithdoesmedia/.m2/repository/com/google/oauth-client/google-oauth-client/1.31.5/google-oauth-client-1.31.5.jar:/Users/keithdoesmedia/.m2/repository/com/google/http-client/google-http-client-gson/1.39.2/google-http-client-gson-1.39.2.jar:/Users/keithdoesmedia/.m2/repository/com/google/code/gson/gson/2.9.1/gson-2.9.1.jar:/Users/keithdoesmedia/.m2/repository/com/google/http-client/google-http-client-apache-v2/1.39.2/google-http-client-apache-v2-1.39.2.jar:/Users/keithdoesmedia/.m2/repository/org/checkerframework/checker-compat-qual/2.5.5/checker-compat-qual-2.5.5.jar:/Users/keithdoesmedia/.m2/repository/com/google/apis/google-api-services-sqladmin/v1beta4-rev20210420-1.31.0/google-api-services-sqladmin-v1beta4-rev20210420-1.31.0.jar:/Users/keithdoesmedia/.m2/repository/com/google/auth/google-auth-library-oauth2-http/0.25.5/google-auth-library-oauth2-http-0.25.5.jar:/Users/keithdoesmedia/.m2/repository/com/google/auto/value/auto-value-annotations/1.8.1/auto-value-annotations-1.8.1.jar:/Users/keithdoesmedia/.m2/repository/com/google/auth/google-auth-library-credentials/0.25.5/google-auth-library-credentials-0.25.5.jar:/Users/keithdoesmedia/.m2/repository/com/github/jnr/jnr-unixsocket/0.38.6/jnr-unixsocket-0.38.6.jar:/Users/keithdoesmedia/.m2/repository/com/github/jnr/jnr-ffi/2.2.2/jnr-ffi-2.2.2.jar:/Users/keithdoesmedia/.m2/repository/com/github/jnr/jffi/1.3.1/jffi-1.3.1.jar:/Users/keithdoesmedia/.m2/repository/com/github/jnr/jffi/1.3.1/jffi-1.3.1-native.jar:/Users/keithdoesmedia/.m2/repository/org/ow2/asm/asm-commons/9.1/asm-commons-9.1.jar:/Users/keithdoesmedia/.m2/repository/com/github/jnr/jnr-a64asm/1.0.0/jnr-a64asm-1.0.0.jar:/Users/keithdoesmedia/.m2/repository/com/github/jnr/jnr-x86asm/1.0.2/jnr-x86asm-1.0.2.jar:/Users/keithdoesmedia/.m2/repository/com/github/jnr/jnr-constants/0.10.1/jnr-constants-0.10.1.jar:/Users/keithdoesmedia/.m2/repository/com/github/jnr/jnr-enxio/0.32.4/jnr-enxio-0.32.4.jar:/Users/keithdoesmedia/.m2/repository/com/github/jnr/jnr-posix/3.1.5/jnr-posix-3.1.5.jar:/Users/keithdoesmedia/.m2/repository/org/ow2/asm/asm-util/9.1/asm-util-9.1.jar:/Users/keithdoesmedia/.m2/repository/org/ow2/asm/asm/9.1/asm-9.1.jar:/Users/keithdoesmedia/.m2/repository/org/ow2/asm/asm-tree/9.1/asm-tree-9.1.jar:/Users/keithdoesmedia/.m2/repository/org/ow2/asm/asm-analysis/9.1/asm-analysis-9.1.jar:/Users/keithdoesmedia/.m2/repository/org/springframework/security/spring-security-core/5.2.0.RELEASE/spring-security-core-5.2.0.RELEASE.jar:/Users/keithdoesmedia/.m2/repository/org/springframework/spring-aop/5.3.25/spring-aop-5.3.25.jar:/Users/keithdoesmedia/.m2/repository/org/springframework/spring-beans/5.3.25/spring-beans-5.3.25.jar:/Users/keithdoesmedia/.m2/repository/org/springframework/spring-context/5.3.25/spring-context-5.3.25.jar:/Users/keithdoesmedia/.m2/repository/org/springframework/spring-expression/5.3.25/spring-expression-5.3.25.jar:"/>
    <property name="sun.cpu.endian" value="little"/>
    <property name="user.home" value="/Users/keithdoesmedia"/>
    <property name="user.language" value="en"/>
    <property name="java.specification.vendor" value="Oracle Corporation"/>
    <property name="java.version.date" value="2023-07-18"/>
    <property name="java.home" value="/Library/Java/JavaVirtualMachines/jdk-20.jdk/Contents/Home"/>
    <property name="file.separator" value="/"/>
    <property name="basedir" value="/Users/keithdoesmedia/Code/GitHub/collectify-backend"/>
    <property name="java.vm.compressedOopsMode" value="Zero based"/>
    <property name="line.separator" value="&#10;"/>
    <property name="java.vm.specification.vendor" value="Oracle Corporation"/>
    <property name="java.specification.name" value="Java Platform API Specification"/>
    <property name="apple.awt.application.name" value="ForkedBooter"/>
    <property name="surefire.real.class.path" value="/Users/keithdoesmedia/Code/GitHub/collectify-backend/target/surefire/surefirebooter3006355098367868321.jar"/>
    <property name="sun.management.compiler" value="HotSpot 64-Bit Tiered Compilers"/>
    <property name="ftp.nonProxyHosts" value="local|*.local|169.254/16|*.169.254/16"/>
    <property name="java.runtime.version" value="20.0.2+9-78"/>
    <property name="user.name" value="keithdoesmedia"/>
    <property name="stdout.encoding" value="US-ASCII"/>
    <property name="path.separator" value=":"/>
    <property name="os.version" value="13.5.1"/>
    <property name="java.runtime.name" value="Java(TM) SE Runtime Environment"/>
    <property name="file.encoding" value="UTF-8"/>
    <property name="java.vm.name" value="Java HotSpot(TM) 64-Bit Server VM"/>
    <property name="localRepository" value="/Users/keithdoesmedia/.m2/repository"/>
    <property name="java.vendor.url.bug" value="https://bugreport.java.com/bugreport/"/>
    <property name="java.io.tmpdir" value="/var/folders/yr/tp8y4x0964gg3hb1yl1bwjgc0000gn/T/"/>
    <property name="idea.version" value="2023.2.1"/>
    <property name="java.version" value="20.0.2"/>
    <property name="user.dir" value="/Users/keithdoesmedia/Code/GitHub/collectify-backend"/>
    <property name="os.arch" value="aarch64"/>
    <property name="java.vm.specification.name" value="Java Virtual Machine Specification"/>
    <property name="native.encoding" value="US-ASCII"/>
    <property name="java.library.path" value="/Users/keithdoesmedia/Library/Java/Extensions:/Library/Java/Extensions:/Network/Library/Java/Extensions:/System/Library/Java/Extensions:/usr/lib/java:."/>
    <property name="java.vm.info" value="mixed mode, sharing"/>
    <property name="stderr.encoding" value="US-ASCII"/>
    <property name="java.vendor" value="Oracle Corporation"/>
    <property name="java.vm.version" value="20.0.2+9-78"/>
    <property name="sun.io.unicode.encoding" value="UnicodeBig"/>
    <property name="socksNonProxyHosts" value="local|*.local|169.254/16|*.169.254/16"/>
    <property name="java.class.version" value="64.0"/>
  </properties>
  <testcase name="contextLoads" classname="com.capstone.collectify.DiscussionApplicationTests" time="0.082"/>
</testsuite>